Android App/WIL/app/build/intermediates/manifest_merge_blame_file/debug/manifest-merger-blame-debug-report.txt
1<?xml version="1.0" encoding="utf-8"?>
2<manifest xmlns:android="http://schemas.android.com/apk/res/android"
3    package="com.a17001922.wil_logins"
4    android:versionCode="1"
5    android:versionName="1.0" >
6
7    <uses-sdk
8        android:minSdkVersion="23"
8-->src\main\AndroidManifest.xml
9        android:targetSdkVersion="28" />
9-->src\main\AndroidManifest.xml
10
11    <uses-permission android:name="android.permission.WRITE_EXTERNAL_STORAGE" />
11-->src\main\AndroidManifest.xml:26:5-81
11-->src\main\AndroidManifest.xml:26:22-78
12    <uses-permission android:name="android.permission.READ_EXTERNAL_STORAGE" />
12-->src\main\AndroidManifest.xml:27:5-80
12-->src\main\AndroidManifest.xml:27:22-77
13    <uses-permission android:name="android.permission.INTERNET" />
13-->src\main\AndroidManifest.xml:28:5-67
13-->src\main\AndroidManifest.xml:28:22-64
14    <uses-permission android:name="android.permission.ACCESS_NETWORK_STATE" />
14-->src\main\AndroidManifest.xml:29:5-79
14-->src\main\AndroidManifest.xml:29:22-76
15
16    <application
16-->src\main\AndroidManifest.xml:6:5-25:19
17        android:allowBackup="true"
17-->src\main\AndroidManifest.xml:8:9-35
18        android:appComponentFactory="android.support.v4.app.CoreComponentFactory"
18-->[com.android.support:support-compat:28.0.0] AndroidManifest.xml:22:18-91
19        android:debuggable="true"
20        android:icon="@mipmap/ic_launcher"
20-->src\main\AndroidManifest.xml:9:9-43
21        android:label="LOGIN"
21-->src\main\AndroidManifest.xml:10:9-30
22        android:roundIcon="@mipmap/ic_launcher_round"
22-->src\main\AndroidManifest.xml:11:9-54
23        android:supportsRtl="true"
23-->src\main\AndroidManifest.xml:12:9-35
24        android:testOnly="true"
25        android:theme="@style/AppTheme"
25-->src\main\AndroidManifest.xml:13:9-40
26        android:usesCleartextTraffic="true" >
26-->src\main\AndroidManifest.xml:7:9-44
27        <activity android:name="com.a17001922.wil_logins.Start" >
27-->src\main\AndroidManifest.xml:14:9-20:20
27-->src\main\AndroidManifest.xml:14:19-64
28            <intent-filter>
28-->src\main\AndroidManifest.xml:15:13-19:29
29                <action android:name="android.intent.action.MAIN" />
29-->src\main\AndroidManifest.xml:16:17-69
29-->src\main\AndroidManifest.xml:16:25-66
30
31                <category android:name="android.intent.category.LAUNCHER" />
31-->src\main\AndroidManifest.xml:18:17-77
31-->src\main\AndroidManifest.xml:18:27-74
32            </intent-filter>
33        </activity>
34        <activity android:name="com.a17001922.wil_app.LoginScreen.mainLogin" />
34-->src\main\AndroidManifest.xml:22:9-58
34-->src\main\AndroidManifest.xml:22:19-56
35        <activity android:name="com.a17001922.wil_app.LoginScreen.RegisterFragments" />
35-->src\main\AndroidManifest.xml:23:9-67
35-->src\main\AndroidManifest.xml:23:19-64
36        <activity android:name="com.a17001922.wil_app.homeScreen.homeActivity" />
36-->src\main\AndroidManifest.xml:24:9-61
36-->src\main\AndroidManifest.xml:24:19-58
37        <activity
37-->[com.google.android.gms:play-services-auth:16.0.0] AndroidManifest.xml:23:9-27:75
38            android:name="com.google.android.gms.auth.api.signin.internal.SignInHubActivity"
38-->[com.google.android.gms:play-services-auth:16.0.0] AndroidManifest.xml:24:13-93
39            android:excludeFromRecents="true"
39-->[com.google.android.gms:play-services-auth:16.0.0] AndroidManifest.xml:25:13-46
40            android:exported="false"
40-->[com.google.android.gms:play-services-auth:16.0.0] AndroidManifest.xml:26:13-37
41            android:theme="@android:style/Theme.Translucent.NoTitleBar" />
41-->[com.google.android.gms:play-services-auth:16.0.0] AndroidManifest.xml:27:13-72
42        <!--
43            Service handling Google Sign-In user revocation. For apps that do not integrate with
44            Google Sign-In, this service will never be started.
45        -->
46        <service
46-->[com.google.android.gms:play-services-auth:16.0.0] AndroidManifest.xml:33:9-36:110
47            android:name="com.google.android.gms.auth.api.signin.RevocationBoundService"
47-->[com.google.android.gms:play-services-auth:16.0.0] AndroidManifest.xml:34:13-89
48            android:exported="true"
48-->[com.google.android.gms:play-services-auth:16.0.0] AndroidManifest.xml:35:13-36
49            android:permission="com.google.android.gms.auth.api.signin.permission.REVOCATION_NOTIFICATION" />
49-->[com.google.android.gms:play-services-auth:16.0.0] AndroidManifest.xml:36:13-107
50
51        <activity
51-->[com.google.android.gms:play-services-base:15.0.1] AndroidManifest.xml:23:9-26:75
52            android:name="com.google.android.gms.common.api.GoogleApiActivity"
52-->[com.google.android.gms:play-services-base:15.0.1] AndroidManifest.xml:24:13-79
53            android:exported="false"
53-->[com.google.android.gms:play-services-base:15.0.1] AndroidManifest.xml:25:13-37
54            android:theme="@android:style/Theme.Translucent.NoTitleBar" />
54-->[com.google.android.gms:play-services-base:15.0.1] AndroidManifest.xml:26:13-72
55
56        <meta-data
56-->[com.google.android.gms:play-services-basement:15.0.1] AndroidManifest.xml:23:9-25:69
57            android:name="com.google.android.gms.version"
57-->[com.google.android.gms:play-services-basement:15.0.1] AndroidManifest.xml:24:13-58
58            android:value="@integer/google_play_services_version" />
58-->[com.google.android.gms:play-services-basement:15.0.1] AndroidManifest.xml:25:13-66
59    </application>
60
61</manifest>